Requirement already satisfied: python-openstackclient in /usr/lib/python3/dist-packages (5.2.0)
Requirement already satisfied: argparse in /home/srinika/.local/lib/python3.8/site-packages (1.4.0)
Requirement already satisfied: subprocess32 in /home/srinika/.local/lib/python3.8/site-packages (3.5.4)
Requirement already satisfied: python-openstacksdk in /home/srinika/.local/lib/python3.8/site-packages (0.5.2)
Requirement already satisfied: openstacksdk in /home/srinika/.local/lib/python3.8/site-packages (from python-openstacksdk) (4.0.1)
Requirement already satisfied: platformdirs>=3 in /home/srinika/.local/lib/python3.8/site-packages (from openstacksdk->python-openstacksdk) (4.3.6)
Requirement already satisfied: PyYAML>=3.13 in /usr/lib/python3/dist-packages (from openstacksdk->python-openstacksdk) (5.3.1)
Requirement already satisfied: requestsexceptions>=1.2.0 in /home/srinika/.local/lib/python3.8/site-packages (from openstacksdk->python-openstacksdk) (1.4.0)
Requirement already satisfied: jmespath>=0.9.0 in /usr/lib/python3/dist-packages (from openstacksdk->python-openstacksdk) (0.9.4)
Requirement already satisfied: keystoneauth1>=3.18.0 in /home/srinika/.local/lib/python3.8/site-packages (from openstacksdk->python-openstacksdk) (5.8.1)
Requirement already satisfied: iso8601>=0.1.11 in /home/srinika/.local/lib/python3.8/site-packages (from openstacksdk->python-openstacksdk) (2.1.0)
Requirement already satisfied: decorator>=4.4.1 in /home/srinika/.local/lib/python3.8/site-packages (from openstacksdk->python-openstacksdk) (5.2.1)
Requirement already satisfied: jsonpatch!=1.20,>=1.16 in /usr/lib/python3/dist-packages (from openstacksdk->python-openstacksdk) (1.22)
Requirement already satisfied: netifaces>=0.10.4 in /usr/lib/python3/dist-packages (from openstacksdk->python-openstacksdk) (0.10.4)
Requirement already satisfied: os-service-types>=1.7.0 in /home/srinika/.local/lib/python3.8/site-packages (from openstacksdk->python-openstacksdk) (1.7.0)
Requirement already satisfied: dogpile.cache>=0.6.5 in /home/srinika/.local/lib/python3.8/site-packages (from openstacksdk->python-openstacksdk) (1.3.4)
Requirement already satisfied: pbr!=2.1.0,>=2.0.0 in /home/srinika/.local/lib/python3.8/site-packages (from openstacksdk->python-openstacksdk) (6.1.1)
Requirement already satisfied: cryptography>=2.7 in /usr/lib/python3/dist-packages (from openstacksdk->python-openstacksdk) (2.8)
Requirement already satisfied: stevedore>=1.20.0 in /home/srinika/.local/lib/python3.8/site-packages (from keystoneauth1>=3.18.0->openstacksdk->python-openstacksdk) (5.3.0)
Requirement already satisfied: requests>=2.14.2 in /usr/lib/python3/dist-packages (from keystoneauth1>=3.18.0->openstacksdk->python-openstacksdk) (2.22.0)
Requirement already satisfied: typing_extensions>=4.0.1; python_version < "3.11" in /home/srinika/.local/lib/python3.8/site-packages (from dogpile.cache>=0.6.5->openstacksdk->python-openstacksdk) (4.13.2)
Requirement already satisfied: setuptools in /usr/lib/python3/dist-packages (from pbr!=2.1.0,>=2.0.0->openstacksdk->python-openstacksdk) (45.2.0)
